mode: atomic
github.com/AppsFlyer/terra-crust/internal/services/drivers/terraform_parser.go:23.51,27.2 1 3
github.com/AppsFlyer/terra-crust/internal/services/drivers/terraform_parser.go:30.80,33.56 2 3
github.com/AppsFlyer/terra-crust/internal/services/drivers/terraform_parser.go:82.2,82.16 1 3
github.com/AppsFlyer/terra-crust/internal/services/drivers/terraform_parser.go:88.2,88.24 1 2
github.com/AppsFlyer/terra-crust/internal/services/drivers/terraform_parser.go:33.56,34.18 1 49
github.com/AppsFlyer/terra-crust/internal/services/drivers/terraform_parser.go:40.4,40.62 1 48
github.com/AppsFlyer/terra-crust/internal/services/drivers/terraform_parser.go:44.4,45.18 2 6
github.com/AppsFlyer/terra-crust/internal/services/drivers/terraform_parser.go:51.4,52.25 2 6
github.com/AppsFlyer/terra-crust/internal/services/drivers/terraform_parser.go:56.4,61.44 4 6
github.com/AppsFlyer/terra-crust/internal/services/drivers/terraform_parser.go:69.4,69.40 1 6
github.com/AppsFlyer/terra-crust/internal/services/drivers/terraform_parser.go:80.4,80.14 1 6
github.com/AppsFlyer/terra-crust/internal/services/drivers/terraform_parser.go:34.18,38.5 2 1
github.com/AppsFlyer/terra-crust/internal/services/drivers/terraform_parser.go:40.62,42.5 1 42
github.com/AppsFlyer/terra-crust/internal/services/drivers/terraform_parser.go:45.18,49.5 2 0
github.com/AppsFlyer/terra-crust/internal/services/drivers/terraform_parser.go:52.25,54.5 1 0
github.com/AppsFlyer/terra-crust/internal/services/drivers/terraform_parser.go:61.44,67.5 1 2
github.com/AppsFlyer/terra-crust/internal/services/drivers/terraform_parser.go:69.40,70.25 1 34
github.com/AppsFlyer/terra-crust/internal/services/drivers/terraform_parser.go:71.21,72.105 1 30
github.com/AppsFlyer/terra-crust/internal/services/drivers/terraform_parser.go:73.19,74.99 1 1
github.com/AppsFlyer/terra-crust/internal/services/drivers/terraform_parser.go:75.21,76.105 1 1
github.com/AppsFlyer/terra-crust/internal/services/drivers/terraform_parser.go:82.16,86.3 2 1
github.com/AppsFlyer/terra-crust/internal/services/drivers/terraform_parser.go:91.80,97.38 3 30
github.com/AppsFlyer/terra-crust/internal/services/drivers/terraform_parser.go:115.2,115.18 1 30
github.com/AppsFlyer/terra-crust/internal/services/drivers/terraform_parser.go:97.38,98.12 1 83
github.com/AppsFlyer/terra-crust/internal/services/drivers/terraform_parser.go:99.15,101.48 2 30
github.com/AppsFlyer/terra-crust/internal/services/drivers/terraform_parser.go:106.4,106.30 1 30
github.com/AppsFlyer/terra-crust/internal/services/drivers/terraform_parser.go:107.18,108.48 1 23
github.com/AppsFlyer/terra-crust/internal/services/drivers/terraform_parser.go:109.22,111.62 2 30
github.com/AppsFlyer/terra-crust/internal/services/drivers/terraform_parser.go:101.48,102.41 1 54
github.com/AppsFlyer/terra-crust/internal/services/drivers/terraform_parser.go:102.41,104.6 1 54
github.com/AppsFlyer/terra-crust/internal/services/drivers/terraform_parser.go:118.76,124.38 3 1
github.com/AppsFlyer/terra-crust/internal/services/drivers/terraform_parser.go:136.2,136.16 1 1
github.com/AppsFlyer/terra-crust/internal/services/drivers/terraform_parser.go:124.38,125.12 1 1
github.com/AppsFlyer/terra-crust/internal/services/drivers/terraform_parser.go:126.16,129.29 3 1
github.com/AppsFlyer/terra-crust/internal/services/drivers/terraform_parser.go:130.22,132.60 2 0
github.com/AppsFlyer/terra-crust/internal/services/drivers/terraform_parser.go:139.80,146.2 2 1
